# JRE version: OpenJDK Runtime Environment Temurin-21.0.9+10 (21.0.9+10) (build 21.0.9+10-LTS)
# Java VM: OpenJDK 64-Bit Server VM Temurin-21.0.9+10 (21.0.9+10-LTS, mixed mode, sharing, tiered, compressed oops, compressed class ptrs, g1 gc, windows-amd64)
GC Precious Log:
 CardTable entry size: 512
 Card Set container configuration: InlinePtr #cards 5 size 8 Array Of Cards #cards 12 size 40 Howl #buckets 4 coarsen threshold 1843 Howl Bitmap #cards 512 size 80 coarsen threshold 460 Card regions per heap region 1 cards per card region 2048
 CPUs: 8 total, 8 available
 Memory: 8025M
 Large Page Support: Disabled
 NUMA Support: Disabled
 Compressed Oops: Enabled (32-bit)
 Heap Region Size: 1M
 Heap Min Capacity: 8M
 Heap Initial Capacity: 126M
 Heap Max Capacity: 2008M
 Pre-touch: Disabled
 Parallel Workers: 8
 Concurrent Workers: 2
 Concurrent Refinement Workers: 8
 Periodic GC: Disabled
Heap:
 garbage-first heap   total 428032K, used 183447K [0x0000000082800000, 0x0000000100000000)
  region size 1024K, 2 young (2048K), 2 survivors (2048K)
 Metaspace       used 18983K, committed 19200K, reserved 1114112K
  class space    used 2219K, committed 2304K, reserved 1048576K
GC Heap History (20 events):
Event: 17.590 GC heap after
{Heap after GC invocations=3 (full 0):
 garbage-first heap   total 129024K, used 76883K [0x0000000082800000, 0x0000000100000000)
  region size 1024K, 5 young (5120K), 5 survivors (5120K)
 Metaspace       used 14890K, committed 15168K, reserved 1114112K
  class space    used 1847K, committed 1984K, reserved 1048576K
}
Event: 17.783 GC heap before
{Heap before GC invocations=4 (full 0):
 garbage-first heap   total 130048K, used 106579K [0x0000000082800000, 0x0000000100000000)
  region size 1024K, 34 young (34816K), 5 survivors (5120K)
 Metaspace       used 15589K, committed 15872K, reserved 1114112K
  class space    used 1942K, committed 2048K, reserved 1048576K
}
Event: 17.787 GC heap after
{Heap after GC invocations=5 (full 0):
 garbage-first heap   total 130048K, used 81566K [0x0000000082800000, 0x0000000100000000)
  region size 1024K, 5 young (5120K), 5 survivors (5120K)
 Metaspace       used 15589K, committed 15872K, reserved 1114112K
  class space    used 1942K, committed 2048K, reserved 1048576K
}
Event: 17.815 GC heap before
{Heap before GC invocations=5 (full 0):
 garbage-first heap   total 130048K, used 110238K [0x0000000082800000, 0x0000000100000000)
  region size 1024K, 33 young (33792K), 5 survivors (5120K)
 Metaspace       used 15592K, committed 15872K, reserved 1114112K
  class space    used 1942K, committed 2048K, reserved 1048576K
}
Event: 17.820 GC heap after
{Heap after GC invocations=6 (full 0):
 garbage-first heap   total 130048K, used 85921K [0x0000000082800000, 0x0000000100000000)
  region size 1024K, 4 young (4096K), 4 survivors (4096K)
 Metaspace       used 15592K, committed 15872K, reserved 1114112K
  class space    used 1942K, committed 2048K, reserved 1048576K
}
Event: 17.991 GC heap before
{Heap before GC invocations=6 (full 0):
 garbage-first heap   total 130048K, used 111521K [0x0000000082800000, 0x0000000100000000)
  region size 1024K, 30 young (30720K), 4 survivors (4096K)
 Metaspace       used 16794K, committed 17024K, reserved 1114112K
  class space    used 2051K, committed 2176K, reserved 1048576K
}
Event: 17.994 GC heap after
{Heap after GC invocations=7 (full 0):
 garbage-first heap   total 130048K, used 90610K [0x0000000082800000, 0x0000000100000000)
  region size 1024K, 4 young (4096K), 4 survivors (4096K)
 Metaspace       used 16794K, committed 17024K, reserved 1114112K
  class space    used 2051K, committed 2176K, reserved 1048576K
}
Event: 18.352 GC heap before
{Heap before GC invocations=8 (full 0):
 garbage-first heap   total 191488K, used 190962K [0x0000000082800000, 0x0000000100000000)
  region size 1024K, 15 young (15360K), 4 survivors (4096K)
 Metaspace       used 18738K, committed 18944K, reserved 1114112K
  class space    used 2219K, committed 2304K, reserved 1048576K
}
Event: 18.356 GC heap after
{Heap after GC invocations=9 (full 0):
 garbage-first heap   total 198656K, used 152214K [0x0000000082800000, 0x0000000100000000)
  region size 1024K, 3 young (3072K), 3 survivors (3072K)
 Metaspace       used 18738K, committed 18944K, reserved 1114112K
  class space    used 2219K, committed 2304K, reserved 1048576K
}
Event: 18.463 GC heap before
{Heap before GC invocations=9 (full 0):
 garbage-first heap   total 217088K, used 216726K [0x0000000082800000, 0x0000000100000000)
  region size 1024K, 8 young (8192K), 3 survivors (3072K)
 Metaspace       used 18888K, committed 19136K, reserved 1114112K
  class space    used 2219K, committed 2304K, reserved 1048576K
}
Event: 18.466 GC heap after
{Heap after GC invocations=10 (full 0):
 garbage-first heap   total 221184K, used 171736K [0x0000000082800000, 0x0000000100000000)
  region size 1024K, 3 young (3072K), 3 survivors (3072K)
 Metaspace       used 18888K, committed 19136K, reserved 1114112K
  class space    used 2219K, committed 2304K, reserved 1048576K
}
Event: 18.470 GC heap before
{Heap before GC invocations=10 (full 0):
 garbage-first heap   total 221184K, used 172760K [0x0000000082800000, 0x0000000100000000)
  region size 1024K, 5 young (5120K), 3 survivors (3072K)
 Metaspace       used 18892K, committed 19136K, reserved 1114112K
  class space    used 2219K, committed 2304K, reserved 1048576K
}
Event: 18.472 GC heap after
{Heap after GC invocations=11 (full 0):
 garbage-first heap   total 428032K, used 152545K [0x0000000082800000, 0x0000000100000000)
  region size 1024K, 2 young (2048K), 2 survivors (2048K)
 Metaspace       used 18892K, committed 19136K, reserved 1114112K
  class space    used 2219K, committed 2304K, reserved 1048576K
}
Event: 18.538 GC heap before
{Heap before GC invocations=11 (full 0):
 garbage-first heap   total 428032K, used 197601K [0x0000000082800000, 0x0000000100000000)
  region size 1024K, 7 young (7168K), 2 survivors (2048K)
 Metaspace       used 18958K, committed 19136K, reserved 1114112K
  class space    used 2219K, committed 2304K, reserved 1048576K
}
Event: 18.541 GC heap after
{Heap after GC invocations=12 (full 0):
 garbage-first heap   total 428032K, used 183264K [0x0000000082800000, 0x0000000100000000)
  region size 1024K, 3 young (3072K), 3 survivors (3072K)
 Metaspace       used 18958K, committed 19136K, reserved 1114112K
  class space    used 2219K, committed 2304K, reserved 1048576K
}
Event: 18.544 GC heap before
{Heap before GC invocations=12 (full 0):
 garbage-first heap   total 428032K, used 195552K [0x0000000082800000, 0x0000000100000000)
  region size 1024K, 5 young (5120K), 3 survivors (3072K)
 Metaspace       used 18959K, committed 19136K, reserved 1114112K
  class space    used 2219K, committed 2304K, reserved 1048576K
}
Event: 18.546 GC heap after
{Heap after GC invocations=13 (full 0):
 garbage-first heap   total 428032K, used 179283K [0x0000000082800000, 0x0000000100000000)
  region size 1024K, 2 young (2048K), 2 survivors (2048K)
 Metaspace       used 18959K, committed 19136K, reserved 1114112K
  class space    used 2219K, committed 2304K, reserved 1048576K
}
Event: 18.554 GC heap before
{Heap before GC invocations=13 (full 0):
 garbage-first heap   total 428032K, used 188499K [0x0000000082800000, 0x0000000100000000)
  region size 1024K, 5 young (5120K), 2 survivors (2048K)
 Metaspace       used 18970K, committed 19200K, reserved 1114112K
  class space    used 2219K, committed 2304K, reserved 1048576K
}
Event: 18.555 GC heap after
{Heap after GC invocations=14 (full 0):
 garbage-first heap   total 428032K, used 183049K [0x0000000082800000, 0x0000000100000000)
  region size 1024K, 3 young (3072K), 3 survivors (3072K)
 Metaspace       used 18970K, committed 19200K, reserved 1114112K
  class space    used 2219K, committed 2304K, reserved 1048576K
}
Event: 18.580 GC heap before
{Heap before GC invocations=14 (full 0):
 garbage-first heap   total 428032K, used 197385K [0x0000000082800000, 0x0000000100000000)
  region size 1024K, 7 young (7168K), 3 survivors (3072K)
 Metaspace       used 18983K, committed 19200K, reserved 1114112K
  class space    used 2219K, committed 2304K, reserved 1048576K
}

