# JRE version: OpenJDK Runtime Environment Temurin-21.0.9+10 (21.0.9+10) (build 21.0.9+10-LTS)
# Java VM: OpenJDK 64-Bit Server VM Temurin-21.0.9+10 (21.0.9+10-LTS, mixed mode, sharing, tiered, compressed oops, compressed class ptrs, g1 gc, windows-amd64)
GC Precious Log:
 CardTable entry size: 512
 Card Set container configuration: InlinePtr #cards 5 size 8 Array Of Cards #cards 12 size 40 Howl #buckets 4 coarsen threshold 1843 Howl Bitmap #cards 512 size 80 coarsen threshold 460 Card regions per heap region 1 cards per card region 2048
 CPUs: 8 total, 8 available
 Memory: 8025M
 Large Page Support: Disabled
 NUMA Support: Disabled
 Compressed Oops: Enabled (32-bit)
 Heap Region Size: 1M
 Heap Min Capacity: 8M
 Heap Initial Capacity: 126M
 Heap Max Capacity: 2008M
 Pre-touch: Disabled
 Parallel Workers: 8
 Concurrent Workers: 2
 Concurrent Refinement Workers: 8
 Periodic GC: Disabled
Heap:
 garbage-first heap   total 404480K, used 287374K [0x0000000082800000, 0x0000000100000000)
  region size 1024K, 3 young (3072K), 1 survivors (1024K)
 Metaspace       used 18981K, committed 19200K, reserved 1114112K
  class space    used 2202K, committed 2304K, reserved 1048576K
GC Heap History (20 events):
Event: 10.362 GC heap before
{Heap before GC invocations=5 (full 0):
 garbage-first heap   total 130048K, used 111250K [0x0000000082800000, 0x0000000100000000)
  region size 1024K, 34 young (34816K), 5 survivors (5120K)
 Metaspace       used 15259K, committed 15552K, reserved 1114112K
  class space    used 1926K, committed 2048K, reserved 1048576K
}
Event: 10.369 GC heap after
{Heap after GC invocations=6 (full 0):
 garbage-first heap   total 130048K, used 85870K [0x0000000082800000, 0x0000000100000000)
  region size 1024K, 5 young (5120K), 5 survivors (5120K)
 Metaspace       used 15259K, committed 15552K, reserved 1114112K
  class space    used 1926K, committed 2048K, reserved 1048576K
}
Event: 12.271 GC heap before
{Heap before GC invocations=7 (full 0):
 garbage-first heap   total 145408K, used 122734K [0x0000000082800000, 0x0000000100000000)
  region size 1024K, 32 young (32768K), 5 survivors (5120K)
 Metaspace       used 17400K, committed 17728K, reserved 1114112K
  class space    used 2138K, committed 2304K, reserved 1048576K
}
Event: 12.282 GC heap after
{Heap after GC invocations=8 (full 0):
 garbage-first heap   total 145408K, used 100846K [0x0000000082800000, 0x0000000100000000)
  region size 1024K, 4 young (4096K), 4 survivors (4096K)
 Metaspace       used 17400K, committed 17728K, reserved 1114112K
  class space    used 2138K, committed 2304K, reserved 1048576K
}
Event: 12.583 GC heap before
{Heap before GC invocations=8 (full 0):
 garbage-first heap   total 167936K, used 167406K [0x0000000082800000, 0x0000000100000000)
  region size 1024K, 11 young (11264K), 4 survivors (4096K)
 Metaspace       used 18366K, committed 18624K, reserved 1114112K
  class space    used 2202K, committed 2304K, reserved 1048576K
}
Event: 12.588 GC heap after
{Heap after GC invocations=9 (full 0):
 garbage-first heap   total 176128K, used 142330K [0x0000000082800000, 0x0000000100000000)
  region size 1024K, 3 young (3072K), 3 survivors (3072K)
 Metaspace       used 18366K, committed 18624K, reserved 1114112K
  class space    used 2202K, committed 2304K, reserved 1048576K
}
Event: 12.623 GC heap before
{Heap before GC invocations=9 (full 0):
 garbage-first heap   total 176128K, used 143354K [0x0000000082800000, 0x0000000100000000)
  region size 1024K, 5 young (5120K), 3 survivors (3072K)
 Metaspace       used 18424K, committed 18688K, reserved 1114112K
  class space    used 2202K, committed 2304K, reserved 1048576K
}
Event: 12.626 GC heap after
{Heap after GC invocations=10 (full 0):
 garbage-first heap   total 176128K, used 132581K [0x0000000082800000, 0x0000000100000000)
  region size 1024K, 1 young (1024K), 1 survivors (1024K)
 Metaspace       used 18424K, committed 18688K, reserved 1114112K
  class space    used 2202K, committed 2304K, reserved 1048576K
}
Event: 12.873 GC heap before
{Heap before GC invocations=11 (full 0):
 garbage-first heap   total 273408K, used 270821K [0x0000000082800000, 0x0000000100000000)
  region size 1024K, 10 young (10240K), 1 survivors (1024K)
 Metaspace       used 18638K, committed 18880K, reserved 1114112K
  class space    used 2202K, committed 2304K, reserved 1048576K
}
Event: 12.877 GC heap after
{Heap after GC invocations=12 (full 0):
 garbage-first heap   total 276480K, used 213778K [0x0000000082800000, 0x0000000100000000)
  region size 1024K, 3 young (3072K), 3 survivors (3072K)
 Metaspace       used 18638K, committed 18880K, reserved 1114112K
  class space    used 2202K, committed 2304K, reserved 1048576K
}
Event: 13.033 GC heap before
{Heap before GC invocations=12 (full 0):
 garbage-first heap   total 311296K, used 310034K [0x0000000082800000, 0x0000000100000000)
  region size 1024K, 10 young (10240K), 3 survivors (3072K)
 Metaspace       used 18759K, committed 19008K, reserved 1114112K
  class space    used 2202K, committed 2304K, reserved 1048576K
}
Event: 13.036 GC heap after
{Heap after GC invocations=13 (full 0):
 garbage-first heap   total 314368K, used 234487K [0x0000000082800000, 0x0000000100000000)
  region size 1024K, 3 young (3072K), 3 survivors (3072K)
 Metaspace       used 18759K, committed 19008K, reserved 1114112K
  class space    used 2202K, committed 2304K, reserved 1048576K
}
Event: 13.040 GC heap before
{Heap before GC invocations=13 (full 0):
 garbage-first heap   total 314368K, used 234487K [0x0000000082800000, 0x0000000100000000)
  region size 1024K, 4 young (4096K), 3 survivors (3072K)
 Metaspace       used 18767K, committed 19008K, reserved 1114112K
  class space    used 2202K, committed 2304K, reserved 1048576K
}
Event: 13.043 GC heap after
{Heap after GC invocations=14 (full 0):
 garbage-first heap   total 314368K, used 204948K [0x0000000082800000, 0x0000000100000000)
  region size 1024K, 1 young (1024K), 1 survivors (1024K)
 Metaspace       used 18767K, committed 19008K, reserved 1114112K
  class space    used 2202K, committed 2304K, reserved 1048576K
}
Event: 13.438 GC heap before
{Heap before GC invocations=15 (full 0):
 garbage-first heap   total 365568K, used 364692K [0x0000000082800000, 0x0000000100000000)
  region size 1024K, 12 young (12288K), 1 survivors (1024K)
 Metaspace       used 18948K, committed 19200K, reserved 1114112K
  class space    used 2202K, committed 2304K, reserved 1048576K
}
Event: 13.444 GC heap after
{Heap after GC invocations=16 (full 0):
 garbage-first heap   total 369664K, used 305183K [0x0000000082800000, 0x0000000100000000)
  region size 1024K, 4 young (4096K), 4 survivors (4096K)
 Metaspace       used 18948K, committed 19200K, reserved 1114112K
  class space    used 2202K, committed 2304K, reserved 1048576K
}
Event: 13.639 GC heap before
{Heap before GC invocations=16 (full 0):
 garbage-first heap   total 401408K, used 400415K [0x0000000082800000, 0x0000000100000000)
  region size 1024K, 10 young (10240K), 4 survivors (4096K)
 Metaspace       used 18977K, committed 19200K, reserved 1114112K
  class space    used 2202K, committed 2304K, reserved 1048576K
}
Event: 13.644 GC heap after
{Heap after GC invocations=17 (full 0):
 garbage-first heap   total 404480K, used 315059K [0x0000000082800000, 0x0000000100000000)
  region size 1024K, 2 young (2048K), 2 survivors (2048K)
 Metaspace       used 18977K, committed 19200K, reserved 1114112K
  class space    used 2202K, committed 2304K, reserved 1048576K
}
Event: 13.648 GC heap before
{Heap before GC invocations=17 (full 0):
 garbage-first heap   total 404480K, used 315059K [0x0000000082800000, 0x0000000100000000)
  region size 1024K, 3 young (3072K), 2 survivors (2048K)
 Metaspace       used 18979K, committed 19200K, reserved 1114112K
  class space    used 2202K, committed 2304K, reserved 1048576K
}
Event: 13.650 GC heap after
{Heap after GC invocations=18 (full 0):
 garbage-first heap   total 404480K, used 286350K [0x0000000082800000, 0x0000000100000000)
  region size 1024K, 1 young (1024K), 1 survivors (1024K)
 Metaspace       used 18979K, committed 19200K, reserved 1114112K
  class space    used 2202K, committed 2304K, reserved 1048576K
}

