# JRE version: OpenJDK Runtime Environment Temurin-21.0.9+10 (21.0.9+10) (build 21.0.9+10-LTS)
# Java VM: OpenJDK 64-Bit Server VM Temurin-21.0.9+10 (21.0.9+10-LTS, mixed mode, sharing, tiered, compressed oops, compressed class ptrs, parallel gc, windows-amd64)
GC Precious Log:
 CardTable entry size: 512
 CPUs: 8 total, 8 available
 Memory: 8025M
 Large Page Support: Disabled
 NUMA Support: Disabled
 Compressed Oops: Enabled (32-bit)
 Alignments: Space 512K, Generation 512K, Heap 2M
 Heap Min Capacity: 100M
 Heap Initial Capacity: 100M
 Heap Max Capacity: 2G
 Pre-touch: Disabled
 Parallel Workers: 8
Heap:
 PSYoungGen      total 16384K, used 13536K [0x00000000d5580000, 0x00000000d6700000, 0x0000000100000000)
  eden space 13312K, 100% used [0x00000000d5580000,0x00000000d6280000,0x00000000d6280000)
  from space 3072K, 7% used [0x00000000d6280000,0x00000000d62b8000,0x00000000d6580000)
  to   space 1024K, 97% used [0x00000000d6600000,0x00000000d66f9368,0x00000000d6700000)
 ParOldGen       total 1351168K, used 1351163K [0x0000000080000000, 0x00000000d2780000, 0x00000000d5580000)
  object space 1351168K, 99% used [0x0000000080000000,0x00000000d277ed70,0x00000000d2780000)
 Metaspace       used 92535K, committed 94016K, reserved 1179648K
  class space    used 9754K, committed 10432K, reserved 1048576K
GC Heap History (20 events):
Event: 60732.780 GC heap after
{Heap after GC invocations=3651 (full 5):
 PSYoungGen      total 8192K, used 292K [0x00000000d5580000, 0x00000000d6400000, 0x0000000100000000)
  eden space 7680K, 0% used [0x00000000d5580000,0x00000000d5580000,0x00000000d5d00000)
  from space 512K, 57% used [0x00000000d6380000,0x00000000d63c9368,0x00000000d6400000)
  to   space 2048K, 0% used [0x00000000d6000000,0x00000000d6000000,0x00000000d6200000)
 ParOldGen       total 1344000K, used 1343994K [0x0000000080000000, 0x00000000d2080000, 0x00000000d5580000)
  object space 1344000K, 99% used [0x0000000080000000,0x00000000d207eb80,0x00000000d2080000)
 Metaspace       used 92526K, committed 94016K, reserved 1179648K
  class space    used 9754K, committed 10432K, reserved 1048576K
}
Event: 60734.064 GC heap before
{Heap before GC invocations=3652 (full 5):
 PSYoungGen      total 8192K, used 7972K [0x00000000d5580000, 0x00000000d6400000, 0x0000000100000000)
  eden space 7680K, 100% used [0x00000000d5580000,0x00000000d5d00000,0x00000000d5d00000)
  from space 512K, 57% used [0x00000000d6380000,0x00000000d63c9368,0x00000000d6400000)
  to   space 2048K, 0% used [0x00000000d6000000,0x00000000d6000000,0x00000000d6200000)
 ParOldGen       total 1344000K, used 1343994K [0x0000000080000000, 0x00000000d2080000, 0x00000000d5580000)
  object space 1344000K, 99% used [0x0000000080000000,0x00000000d207eb80,0x00000000d2080000)
 Metaspace       used 92529K, committed 94016K, reserved 1179648K
  class space    used 9754K, committed 10432K, reserved 1048576K
}
Event: 60734.067 GC heap after
{Heap after GC invocations=3652 (full 5):
 PSYoungGen      total 9728K, used 128K [0x00000000d5580000, 0x00000000d6400000, 0x0000000100000000)
  eden space 7680K, 0% used [0x00000000d5580000,0x00000000d5580000,0x00000000d5d00000)
  from space 2048K, 6% used [0x00000000d6000000,0x00000000d6020000,0x00000000d6200000)
  to   space 512K, 0% used [0x00000000d6380000,0x00000000d6380000,0x00000000d6400000)
 ParOldGen       total 1344512K, used 1344042K [0x0000000080000000, 0x00000000d2100000, 0x00000000d5580000)
  object space 1344512K, 99% used [0x0000000080000000,0x00000000d208ab80,0x00000000d2100000)
 Metaspace       used 92529K, committed 94016K, reserved 1179648K
  class space    used 9754K, committed 10432K, reserved 1048576K
}
Event: 60734.079 GC heap before
{Heap before GC invocations=3653 (full 5):
 PSYoungGen      total 9728K, used 7808K [0x00000000d5580000, 0x00000000d6400000, 0x0000000100000000)
  eden space 7680K, 100% used [0x00000000d5580000,0x00000000d5d00000,0x00000000d5d00000)
  from space 2048K, 6% used [0x00000000d6000000,0x00000000d6020000,0x00000000d6200000)
  to   space 512K, 0% used [0x00000000d6380000,0x00000000d6380000,0x00000000d6400000)
 ParOldGen       total 1344512K, used 1344042K [0x0000000080000000, 0x00000000d2100000, 0x00000000d5580000)
  object space 1344512K, 99% used [0x0000000080000000,0x00000000d208ab80,0x00000000d2100000)
 Metaspace       used 92529K, committed 94016K, reserved 1179648K
  class space    used 9754K, committed 10432K, reserved 1048576K
}
Event: 60734.083 GC heap after
{Heap after GC invocations=3653 (full 5):
 PSYoungGen      total 8192K, used 329K [0x00000000d5580000, 0x00000000d6400000, 0x0000000100000000)
  eden space 7680K, 0% used [0x00000000d5580000,0x00000000d5580000,0x00000000d5d00000)
  from space 512K, 64% used [0x00000000d6380000,0x00000000d63d26d0,0x00000000d6400000)
  to   space 512K, 0% used [0x00000000d6300000,0x00000000d6300000,0x00000000d6380000)
 ParOldGen       total 1344512K, used 1344106K [0x0000000080000000, 0x00000000d2100000, 0x00000000d5580000)
  object space 1344512K, 99% used [0x0000000080000000,0x00000000d209ab80,0x00000000d2100000)
 Metaspace       used 92529K, committed 94016K, reserved 1179648K
  class space    used 9754K, committed 10432K, reserved 1048576K
}
Event: 60734.103 GC heap before
{Heap before GC invocations=3654 (full 5):
 PSYoungGen      total 8192K, used 8009K [0x00000000d5580000, 0x00000000d6400000, 0x0000000100000000)
  eden space 7680K, 100% used [0x00000000d5580000,0x00000000d5d00000,0x00000000d5d00000)
  from space 512K, 64% used [0x00000000d6380000,0x00000000d63d26d0,0x00000000d6400000)
  to   space 512K, 0% used [0x00000000d6300000,0x00000000d6300000,0x00000000d6380000)
 ParOldGen       total 1344512K, used 1344106K [0x0000000080000000, 0x00000000d2100000, 0x00000000d5580000)
  object space 1344512K, 99% used [0x0000000080000000,0x00000000d209ab80,0x00000000d2100000)
 Metaspace       used 92529K, committed 94016K, reserved 1179648K
  class space    used 9754K, committed 10432K, reserved 1048576K
}
Event: 60734.106 GC heap after
{Heap after GC invocations=3654 (full 5):
 PSYoungGen      total 8192K, used 224K [0x00000000d5580000, 0x00000000d6400000, 0x0000000100000000)
  eden space 7680K, 0% used [0x00000000d5580000,0x00000000d5580000,0x00000000d5d00000)
  from space 512K, 43% used [0x00000000d6300000,0x00000000d6338000,0x00000000d6380000)
  to   space 512K, 0% used [0x00000000d6380000,0x00000000d6380000,0x00000000d6400000)
 ParOldGen       total 1344512K, used 1344324K [0x0000000080000000, 0x00000000d2100000, 0x00000000d5580000)
  object space 1344512K, 99% used [0x0000000080000000,0x00000000d20d1250,0x00000000d2100000)
 Metaspace       used 92529K, committed 94016K, reserved 1179648K
  class space    used 9754K, committed 10432K, reserved 1048576K
}
Event: 60734.890 GC heap before
{Heap before GC invocations=3655 (full 5):
 PSYoungGen      total 8192K, used 7904K [0x00000000d5580000, 0x00000000d6400000, 0x0000000100000000)
  eden space 7680K, 100% used [0x00000000d5580000,0x00000000d5d00000,0x00000000d5d00000)
  from space 512K, 43% used [0x00000000d6300000,0x00000000d6338000,0x00000000d6380000)
  to   space 512K, 0% used [0x00000000d6380000,0x00000000d6380000,0x00000000d6400000)
 ParOldGen       total 1344512K, used 1344324K [0x0000000080000000, 0x00000000d2100000, 0x00000000d5580000)
  object space 1344512K, 99% used [0x0000000080000000,0x00000000d20d1250,0x00000000d2100000)
 Metaspace       used 92530K, committed 94016K, reserved 1179648K
  class space    used 9754K, committed 10432K, reserved 1048576K
}
Event: 60734.893 GC heap after
{Heap after GC invocations=3655 (full 5):
 PSYoungGen      total 8192K, used 192K [0x00000000d5580000, 0x00000000d6400000, 0x0000000100000000)
  eden space 7680K, 0% used [0x00000000d5580000,0x00000000d5580000,0x00000000d5d00000)
  from space 512K, 37% used [0x00000000d6380000,0x00000000d63b0000,0x00000000d6400000)
  to   space 512K, 0% used [0x00000000d6300000,0x00000000d6300000,0x00000000d6380000)
 ParOldGen       total 1344512K, used 1344372K [0x0000000080000000, 0x00000000d2100000, 0x00000000d5580000)
  object space 1344512K, 99% used [0x0000000080000000,0x00000000d20dd250,0x00000000d2100000)
 Metaspace       used 92530K, committed 94016K, reserved 1179648K
  class space    used 9754K, committed 10432K, reserved 1048576K
}
Event: 60734.900 GC heap before
{Heap before GC invocations=3656 (full 5):
 PSYoungGen      total 8192K, used 7871K [0x00000000d5580000, 0x00000000d6400000, 0x0000000100000000)
  eden space 7680K, 99% used [0x00000000d5580000,0x00000000d5cffff0,0x00000000d5d00000)
  from space 512K, 37% used [0x00000000d6380000,0x00000000d63b0000,0x00000000d6400000)
  to   space 512K, 0% used [0x00000000d6300000,0x00000000d6300000,0x00000000d6380000)
 ParOldGen       total 1344512K, used 1344372K [0x0000000080000000, 0x00000000d2100000, 0x00000000d5580000)
  object space 1344512K, 99% used [0x0000000080000000,0x00000000d20dd250,0x00000000d2100000)
 Metaspace       used 92532K, committed 94016K, reserved 1179648K
  class space    used 9754K, committed 10432K, reserved 1048576K
}
Event: 60734.903 GC heap after
{Heap after GC invocations=3656 (full 5):
 PSYoungGen      total 8192K, used 494K [0x00000000d5580000, 0x00000000d6400000, 0x0000000100000000)
  eden space 7680K, 0% used [0x00000000d5580000,0x00000000d5580000,0x00000000d5d00000)
  from space 512K, 96% used [0x00000000d6300000,0x00000000d637ba38,0x00000000d6380000)
  to   space 512K, 0% used [0x00000000d6380000,0x00000000d6380000,0x00000000d6400000)
 ParOldGen       total 1345024K, used 1344609K [0x0000000080000000, 0x00000000d2180000, 0x00000000d5580000)
  object space 1345024K, 99% used [0x0000000080000000,0x00000000d21185b8,0x00000000d2180000)
 Metaspace       used 92532K, committed 94016K, reserved 1179648K
  class space    used 9754K, committed 10432K, reserved 1048576K
}
Event: 60734.909 GC heap before
{Heap before GC invocations=3657 (full 5):
 PSYoungGen      total 8192K, used 8174K [0x00000000d5580000, 0x00000000d6400000, 0x0000000100000000)
  eden space 7680K, 100% used [0x00000000d5580000,0x00000000d5d00000,0x00000000d5d00000)
  from space 512K, 96% used [0x00000000d6300000,0x00000000d637ba38,0x00000000d6380000)
  to   space 512K, 0% used [0x00000000d6380000,0x00000000d6380000,0x00000000d6400000)
 ParOldGen       total 1345024K, used 1344609K [0x0000000080000000, 0x00000000d2180000, 0x00000000d5580000)
  object space 1345024K, 99% used [0x0000000080000000,0x00000000d21185b8,0x00000000d2180000)
 Metaspace       used 92532K, committed 94016K, reserved 1179648K
  class space    used 9754K, committed 10432K, reserved 1048576K
}
Event: 60734.913 GC heap after
{Heap after GC invocations=3657 (full 5):
 PSYoungGen      total 9728K, used 484K [0x00000000d5580000, 0x00000000d6580000, 0x0000000100000000)
  eden space 9216K, 0% used [0x00000000d5580000,0x00000000d5580000,0x00000000d5e80000)
  from space 512K, 94% used [0x00000000d6380000,0x00000000d63f9368,0x00000000d6400000)
  to   space 3584K, 0% used [0x00000000d5e80000,0x00000000d5e80000,0x00000000d6200000)
 ParOldGen       total 1347072K, used 1347033K [0x0000000080000000, 0x00000000d2380000, 0x00000000d5580000)
  object space 1347072K, 99% used [0x0000000080000000,0x00000000d23765c8,0x00000000d2380000)
 Metaspace       used 92532K, committed 94016K, reserved 1179648K
  class space    used 9754K, committed 10432K, reserved 1048576K
}
Event: 60734.921 GC heap before
{Heap before GC invocations=3658 (full 5):
 PSYoungGen      total 9728K, used 9700K [0x00000000d5580000, 0x00000000d6580000, 0x0000000100000000)
  eden space 9216K, 100% used [0x00000000d5580000,0x00000000d5e80000,0x00000000d5e80000)
  from space 512K, 94% used [0x00000000d6380000,0x00000000d63f9368,0x00000000d6400000)
  to   space 3584K, 0% used [0x00000000d5e80000,0x00000000d5e80000,0x00000000d6200000)
 ParOldGen       total 1347072K, used 1347033K [0x0000000080000000, 0x00000000d2380000, 0x00000000d5580000)
  object space 1347072K, 99% used [0x0000000080000000,0x00000000d23765c8,0x00000000d2380000)
 Metaspace       used 92532K, committed 94016K, reserved 1179648K
  class space    used 9754K, committed 10432K, reserved 1048576K
}
Event: 60734.926 GC heap after
{Heap after GC invocations=3658 (full 5):
 PSYoungGen      total 12800K, used 3582K [0x00000000d5580000, 0x00000000d6c80000, 0x0000000100000000)
  eden space 9216K, 0% used [0x00000000d5580000,0x00000000d5580000,0x00000000d5e80000)
  from space 3584K, 99% used [0x00000000d5e80000,0x00000000d61ff960,0x00000000d6200000)
  to   space 6144K, 0% used [0x00000000d6680000,0x00000000d6680000,0x00000000d6c80000)
 ParOldGen       total 1349120K, used 1348774K [0x0000000080000000, 0x00000000d2580000, 0x00000000d5580000)
  object space 1349120K, 99% used [0x0000000080000000,0x00000000d2529930,0x00000000d2580000)
 Metaspace       used 92532K, committed 94016K, reserved 1179648K
  class space    used 9754K, committed 10432K, reserved 1048576K
}
Event: 60734.935 GC heap before
{Heap before GC invocations=3659 (full 5):
 PSYoungGen      total 12800K, used 12798K [0x00000000d5580000, 0x00000000d6c80000, 0x0000000100000000)
  eden space 9216K, 100% used [0x00000000d5580000,0x00000000d5e80000,0x00000000d5e80000)
  from space 3584K, 99% used [0x00000000d5e80000,0x00000000d61ff960,0x00000000d6200000)
  to   space 6144K, 0% used [0x00000000d6680000,0x00000000d6680000,0x00000000d6c80000)
 ParOldGen       total 1349120K, used 1348774K [0x0000000080000000, 0x00000000d2580000, 0x00000000d5580000)
  object space 1349120K, 99% used [0x0000000080000000,0x00000000d2529930,0x00000000d2580000)
 Metaspace       used 92534K, committed 94016K, reserved 1179648K
  class space    used 9754K, committed 10432K, reserved 1048576K
}
Event: 60735.939 GC heap after
{Heap after GC invocations=3659 (full 5):
 PSYoungGen      total 13312K, used 1772K [0x00000000d5580000, 0x00000000d6880000, 0x0000000100000000)
  eden space 11264K, 0% used [0x00000000d5580000,0x00000000d5580000,0x00000000d6080000)
  from space 2048K, 86% used [0x00000000d6680000,0x00000000d683b398,0x00000000d6880000)
  to   space 3072K, 0% used [0x00000000d6280000,0x00000000d6280000,0x00000000d6580000)
 ParOldGen       total 1350656K, used 1350318K [0x0000000080000000, 0x00000000d2700000, 0x00000000d5580000)
  object space 1350656K, 99% used [0x0000000080000000,0x00000000d26ab930,0x00000000d2700000)
 Metaspace       used 92534K, committed 94016K, reserved 1179648K
  class space    used 9754K, committed 10432K, reserved 1048576K
}
Event: 60735.983 GC heap before
{Heap before GC invocations=3660 (full 5):
 PSYoungGen      total 13312K, used 13036K [0x00000000d5580000, 0x00000000d6880000, 0x0000000100000000)
  eden space 11264K, 100% used [0x00000000d5580000,0x00000000d6080000,0x00000000d6080000)
  from space 2048K, 86% used [0x00000000d6680000,0x00000000d683b398,0x00000000d6880000)
  to   space 3072K, 0% used [0x00000000d6280000,0x00000000d6280000,0x00000000d6580000)
 ParOldGen       total 1350656K, used 1350318K [0x0000000080000000, 0x00000000d2700000, 0x00000000d5580000)
  object space 1350656K, 99% used [0x0000000080000000,0x00000000d26ab930,0x00000000d2700000)
 Metaspace       used 92535K, committed 94016K, reserved 1179648K
  class space    used 9754K, committed 10432K, reserved 1048576K
}
Event: 60735.988 GC heap after
{Heap after GC invocations=3660 (full 5):
 PSYoungGen      total 16384K, used 224K [0x00000000d5580000, 0x00000000d6700000, 0x0000000100000000)
  eden space 13312K, 0% used [0x00000000d5580000,0x00000000d5580000,0x00000000d6280000)
  from space 3072K, 7% used [0x00000000d6280000,0x00000000d62b8000,0x00000000d6580000)
  to   space 1024K, 0% used [0x00000000d6600000,0x00000000d6600000,0x00000000d6700000)
 ParOldGen       total 1350656K, used 1350358K [0x0000000080000000, 0x00000000d2700000, 0x00000000d5580000)
  object space 1350656K, 99% used [0x0000000080000000,0x00000000d26b5930,0x00000000d2700000)
 Metaspace       used 92535K, committed 94016K, reserved 1179648K
  class space    used 9754K, committed 10432K, reserved 1048576K
}
Event: 60736.221 GC heap before
{Heap before GC invocations=3661 (full 5):
 PSYoungGen      total 16384K, used 13536K [0x00000000d5580000, 0x00000000d6700000, 0x0000000100000000)
  eden space 13312K, 100% used [0x00000000d5580000,0x00000000d6280000,0x00000000d6280000)
  from space 3072K, 7% used [0x00000000d6280000,0x00000000d62b8000,0x00000000d6580000)
  to   space 1024K, 0% used [0x00000000d6600000,0x00000000d6600000,0x00000000d6700000)
 ParOldGen       total 1350656K, used 1350358K [0x0000000080000000, 0x00000000d2700000, 0x00000000d5580000)
  object space 1350656K, 99% used [0x0000000080000000,0x00000000d26b5930,0x00000000d2700000)
 Metaspace       used 92535K, committed 94016K, reserved 1179648K
  class space    used 9754K, committed 10432K, reserved 1048576K
}

