# JRE version: OpenJDK Runtime Environment Temurin-21.0.9+10 (21.0.9+10) (build 21.0.9+10-LTS)
# Java VM: OpenJDK 64-Bit Server VM Temurin-21.0.9+10 (21.0.9+10-LTS, mixed mode, sharing, tiered, compressed oops, compressed class ptrs, g1 gc, windows-amd64)
GC Precious Log:
 CardTable entry size: 512
 Card Set container configuration: InlinePtr #cards 5 size 8 Array Of Cards #cards 12 size 40 Howl #buckets 4 coarsen threshold 1843 Howl Bitmap #cards 512 size 80 coarsen threshold 460 Card regions per heap region 1 cards per card region 2048
 CPUs: 8 total, 8 available
 Memory: 8025M
 Large Page Support: Disabled
 NUMA Support: Disabled
 Compressed Oops: Enabled (32-bit)
 Heap Region Size: 1M
 Heap Min Capacity: 8M
 Heap Initial Capacity: 126M
 Heap Max Capacity: 2008M
 Pre-touch: Disabled
 Parallel Workers: 8
 Concurrent Workers: 2
 Concurrent Refinement Workers: 8
 Periodic GC: Disabled
Heap:
 garbage-first heap   total 304128K, used 214705K [0x0000000082800000, 0x0000000100000000)
  region size 1024K, 3 young (3072K), 1 survivors (1024K)
 Metaspace       used 18645K, committed 18880K, reserved 1114112K
  class space    used 2167K, committed 2304K, reserved 1048576K
GC Heap History (20 events):
Event: 4.301 GC heap before
{Heap before GC invocations=1 (full 0):
 garbage-first heap   total 129024K, used 89416K [0x0000000082800000, 0x0000000100000000)
  region size 1024K, 25 young (25600K), 3 survivors (3072K)
 Metaspace       used 14286K, committed 14592K, reserved 1114112K
  class space    used 1784K, committed 1920K, reserved 1048576K
}
Event: 4.310 GC heap after
{Heap after GC invocations=2 (full 0):
 garbage-first heap   total 129024K, used 71804K [0x0000000082800000, 0x0000000100000000)
  region size 1024K, 4 young (4096K), 4 survivors (4096K)
 Metaspace       used 14286K, committed 14592K, reserved 1114112K
  class space    used 1784K, committed 1920K, reserved 1048576K
}
Event: 4.532 GC heap before
{Heap before GC invocations=2 (full 0):
 garbage-first heap   total 129024K, used 105596K [0x0000000082800000, 0x0000000100000000)
  region size 1024K, 37 young (37888K), 4 survivors (4096K)
 Metaspace       used 14410K, committed 14720K, reserved 1114112K
  class space    used 1796K, committed 1920K, reserved 1048576K
}
Event: 4.546 GC heap after
{Heap after GC invocations=3 (full 0):
 garbage-first heap   total 129024K, used 76702K [0x0000000082800000, 0x0000000100000000)
  region size 1024K, 5 young (5120K), 5 survivors (5120K)
 Metaspace       used 14410K, committed 14720K, reserved 1114112K
  class space    used 1796K, committed 1920K, reserved 1048576K
}
Event: 4.931 GC heap before
{Heap before GC invocations=4 (full 0):
 garbage-first heap   total 130048K, used 106398K [0x0000000082800000, 0x0000000100000000)
  region size 1024K, 34 young (34816K), 5 survivors (5120K)
 Metaspace       used 15108K, committed 15296K, reserved 1114112K
  class space    used 1891K, committed 1984K, reserved 1048576K
}
Event: 4.938 GC heap after
{Heap after GC invocations=5 (full 0):
 garbage-first heap   total 130048K, used 81811K [0x0000000082800000, 0x0000000100000000)
  region size 1024K, 5 young (5120K), 5 survivors (5120K)
 Metaspace       used 15108K, committed 15296K, reserved 1114112K
  class space    used 1891K, committed 1984K, reserved 1048576K
}
Event: 5.007 GC heap before
{Heap before GC invocations=5 (full 0):
 garbage-first heap   total 130048K, used 111507K [0x0000000082800000, 0x0000000100000000)
  region size 1024K, 34 young (34816K), 5 survivors (5120K)
 Metaspace       used 15109K, committed 15360K, reserved 1114112K
  class space    used 1891K, committed 1984K, reserved 1048576K
}
Event: 5.019 GC heap after
{Heap after GC invocations=6 (full 0):
 garbage-first heap   total 130048K, used 86051K [0x0000000082800000, 0x0000000100000000)
  region size 1024K, 5 young (5120K), 5 survivors (5120K)
 Metaspace       used 15109K, committed 15360K, reserved 1114112K
  class space    used 1891K, committed 1984K, reserved 1048576K
}
Event: 5.509 GC heap before
{Heap before GC invocations=7 (full 0):
 garbage-first heap   total 145408K, used 121891K [0x0000000082800000, 0x0000000100000000)
  region size 1024K, 32 young (32768K), 5 survivors (5120K)
 Metaspace       used 17673K, committed 17920K, reserved 1114112K
  class space    used 2142K, committed 2240K, reserved 1048576K
}
Event: 5.519 GC heap after
{Heap after GC invocations=8 (full 0):
 garbage-first heap   total 145408K, used 100954K [0x0000000082800000, 0x0000000100000000)
  region size 1024K, 4 young (4096K), 4 survivors (4096K)
 Metaspace       used 17673K, committed 17920K, reserved 1114112K
  class space    used 2142K, committed 2240K, reserved 1048576K
}
Event: 6.112 GC heap before
{Heap before GC invocations=8 (full 0):
 garbage-first heap   total 166912K, used 166490K [0x0000000082800000, 0x0000000100000000)
  region size 1024K, 10 young (10240K), 4 survivors (4096K)
 Metaspace       used 18238K, committed 18496K, reserved 1114112K
  class space    used 2167K, committed 2304K, reserved 1048576K
}
Event: 6.121 GC heap after
{Heap after GC invocations=9 (full 0):
 garbage-first heap   total 223232K, used 141702K [0x0000000082800000, 0x0000000100000000)
  region size 1024K, 3 young (3072K), 3 survivors (3072K)
 Metaspace       used 18238K, committed 18496K, reserved 1114112K
  class space    used 2167K, committed 2304K, reserved 1048576K
}
Event: 6.189 GC heap before
{Heap before GC invocations=9 (full 0):
 garbage-first heap   total 223232K, used 142726K [0x0000000082800000, 0x0000000100000000)
  region size 1024K, 5 young (5120K), 3 survivors (3072K)
 Metaspace       used 18299K, committed 18560K, reserved 1114112K
  class space    used 2167K, committed 2304K, reserved 1048576K
}
Event: 6.193 GC heap after
{Heap after GC invocations=10 (full 0):
 garbage-first heap   total 223232K, used 131623K [0x0000000082800000, 0x0000000100000000)
  region size 1024K, 2 young (2048K), 2 survivors (2048K)
 Metaspace       used 18299K, committed 18560K, reserved 1114112K
  class space    used 2167K, committed 2304K, reserved 1048576K
}
Event: 6.692 GC heap before
{Heap before GC invocations=11 (full 0):
 garbage-first heap   total 240640K, used 240167K [0x0000000082800000, 0x0000000100000000)
  region size 1024K, 10 young (10240K), 2 survivors (2048K)
 Metaspace       used 18504K, committed 18816K, reserved 1114112K
  class space    used 2167K, committed 2304K, reserved 1048576K
}
Event: 6.699 GC heap after
{Heap after GC invocations=12 (full 0):
 garbage-first heap   total 244736K, used 193139K [0x0000000082800000, 0x0000000100000000)
  region size 1024K, 4 young (4096K), 4 survivors (4096K)
 Metaspace       used 18504K, committed 18816K, reserved 1114112K
  class space    used 2167K, committed 2304K, reserved 1048576K
}
Event: 7.019 GC heap before
{Heap before GC invocations=12 (full 0):
 garbage-first heap   total 299008K, used 298611K [0x0000000082800000, 0x0000000100000000)
  region size 1024K, 11 young (11264K), 4 survivors (4096K)
 Metaspace       used 18619K, committed 18880K, reserved 1114112K
  class space    used 2167K, committed 2304K, reserved 1048576K
}
Event: 7.026 GC heap after
{Heap after GC invocations=13 (full 0):
 garbage-first heap   total 304128K, used 222630K [0x0000000082800000, 0x0000000100000000)
  region size 1024K, 3 young (3072K), 3 survivors (3072K)
 Metaspace       used 18619K, committed 18880K, reserved 1114112K
  class space    used 2167K, committed 2304K, reserved 1048576K
}
Event: 7.075 GC heap before
{Heap before GC invocations=13 (full 0):
 garbage-first heap   total 304128K, used 223654K [0x0000000082800000, 0x0000000100000000)
  region size 1024K, 5 young (5120K), 3 survivors (3072K)
 Metaspace       used 18640K, committed 18880K, reserved 1114112K
  class space    used 2167K, committed 2304K, reserved 1048576K
}
Event: 7.077 GC heap after
{Heap after GC invocations=14 (full 0):
 garbage-first heap   total 304128K, used 193201K [0x0000000082800000, 0x0000000100000000)
  region size 1024K, 1 young (1024K), 1 survivors (1024K)
 Metaspace       used 18640K, committed 18880K, reserved 1114112K
  class space    used 2167K, committed 2304K, reserved 1048576K
}

