# JRE version: OpenJDK Runtime Environment Temurin-21.0.9+10 (21.0.9+10) (build 21.0.9+10-LTS)
# Java VM: OpenJDK 64-Bit Server VM Temurin-21.0.9+10 (21.0.9+10-LTS, mixed mode, sharing, tiered, compressed oops, compressed class ptrs, g1 gc, windows-amd64)
GC Precious Log:
 CardTable entry size: 512
 Card Set container configuration: InlinePtr #cards 5 size 8 Array Of Cards #cards 12 size 40 Howl #buckets 4 coarsen threshold 1843 Howl Bitmap #cards 512 size 80 coarsen threshold 460 Card regions per heap region 1 cards per card region 2048
 CPUs: 8 total, 8 available
 Memory: 8025M
 Large Page Support: Disabled
 NUMA Support: Disabled
 Compressed Oops: Enabled (32-bit)
 Heap Region Size: 1M
 Heap Min Capacity: 8M
 Heap Initial Capacity: 126M
 Heap Max Capacity: 2008M
 Pre-touch: Disabled
 Parallel Workers: 8
 Concurrent Workers: 2
 Concurrent Refinement Workers: 8
 Periodic GC: Disabled
Heap:
 garbage-first heap   total 588800K, used 442153K [0x0000000082800000, 0x0000000100000000)
  region size 1024K, 125 young (128000K), 1 survivors (1024K)
 Metaspace       used 20912K, committed 21184K, reserved 1114112K
  class space    used 2294K, committed 2432K, reserved 1048576K
GC Heap History (20 events):
Event: 7.839 GC heap before
{Heap before GC invocations=11 (full 0):
 garbage-first heap   total 241664K, used 241072K [0x0000000082800000, 0x0000000100000000)
  region size 1024K, 11 young (11264K), 2 survivors (2048K)
 Metaspace       used 18493K, committed 18816K, reserved 1114112K
  class space    used 2167K, committed 2304K, reserved 1048576K
}
Event: 7.847 GC heap after
{Heap after GC invocations=12 (full 0):
 garbage-first heap   total 245760K, used 192911K [0x0000000082800000, 0x0000000100000000)
  region size 1024K, 4 young (4096K), 4 survivors (4096K)
 Metaspace       used 18493K, committed 18816K, reserved 1114112K
  class space    used 2167K, committed 2304K, reserved 1048576K
}
Event: 8.015 GC heap before
{Heap before GC invocations=12 (full 0):
 garbage-first heap   total 258048K, used 257423K [0x0000000082800000, 0x0000000100000000)
  region size 1024K, 9 young (9216K), 4 survivors (4096K)
 Metaspace       used 18540K, committed 18816K, reserved 1114112K
  class space    used 2167K, committed 2304K, reserved 1048576K
}
Event: 8.020 GC heap after
{Heap after GC invocations=13 (full 0):
 garbage-first heap   total 262144K, used 193126K [0x0000000082800000, 0x0000000100000000)
  region size 1024K, 2 young (2048K), 2 survivors (2048K)
 Metaspace       used 18540K, committed 18816K, reserved 1114112K
  class space    used 2167K, committed 2304K, reserved 1048576K
}
Event: 8.027 GC heap before
{Heap before GC invocations=13 (full 0):
 garbage-first heap   total 262144K, used 193126K [0x0000000082800000, 0x0000000100000000)
  region size 1024K, 3 young (3072K), 2 survivors (2048K)
 Metaspace       used 18551K, committed 18816K, reserved 1114112K
  class space    used 2167K, committed 2304K, reserved 1048576K
}
Event: 8.030 GC heap after
{Heap after GC invocations=14 (full 0):
 garbage-first heap   total 262144K, used 173738K [0x0000000082800000, 0x0000000100000000)
  region size 1024K, 1 young (1024K), 1 survivors (1024K)
 Metaspace       used 18551K, committed 18816K, reserved 1114112K
  class space    used 2167K, committed 2304K, reserved 1048576K
}
Event: 8.437 GC heap before
{Heap before GC invocations=15 (full 0):
 garbage-first heap   total 334848K, used 333482K [0x0000000082800000, 0x0000000100000000)
  region size 1024K, 12 young (12288K), 1 survivors (1024K)
 Metaspace       used 18732K, committed 19008K, reserved 1114112K
  class space    used 2167K, committed 2304K, reserved 1048576K
}
Event: 8.441 GC heap after
{Heap after GC invocations=16 (full 0):
 garbage-first heap   total 338944K, used 273767K [0x0000000082800000, 0x0000000100000000)
  region size 1024K, 4 young (4096K), 4 survivors (4096K)
 Metaspace       used 18732K, committed 19008K, reserved 1114112K
  class space    used 2167K, committed 2304K, reserved 1048576K
}
Event: 8.612 GC heap before
{Heap before GC invocations=16 (full 0):
 garbage-first heap   total 371712K, used 370023K [0x0000000082800000, 0x0000000100000000)
  region size 1024K, 11 young (11264K), 4 survivors (4096K)
 Metaspace       used 18815K, committed 19072K, reserved 1114112K
  class space    used 2167K, committed 2304K, reserved 1048576K
}
Event: 8.616 GC heap after
{Heap after GC invocations=17 (full 0):
 garbage-first heap   total 374784K, used 284553K [0x0000000082800000, 0x0000000100000000)
  region size 1024K, 3 young (3072K), 3 survivors (3072K)
 Metaspace       used 18815K, committed 19072K, reserved 1114112K
  class space    used 2167K, committed 2304K, reserved 1048576K
}
Event: 8.617 GC heap before
{Heap before GC invocations=17 (full 0):
 garbage-first heap   total 374784K, used 284553K [0x0000000082800000, 0x0000000100000000)
  region size 1024K, 4 young (4096K), 3 survivors (3072K)
 Metaspace       used 18815K, committed 19072K, reserved 1114112K
  class space    used 2167K, committed 2304K, reserved 1048576K
}
Event: 8.618 GC heap after
{Heap after GC invocations=18 (full 0):
 garbage-first heap   total 374784K, used 254978K [0x0000000082800000, 0x0000000100000000)
  region size 1024K, 1 young (1024K), 1 survivors (1024K)
 Metaspace       used 18815K, committed 19072K, reserved 1114112K
  class space    used 2167K, committed 2304K, reserved 1048576K
}
Event: 30.768 GC heap before
{Heap before GC invocations=19 (full 0):
 garbage-first heap   total 442368K, used 441346K [0x0000000082800000, 0x0000000100000000)
  region size 1024K, 53 young (54272K), 1 survivors (1024K)
 Metaspace       used 19565K, committed 19840K, reserved 1114112K
  class space    used 2202K, committed 2304K, reserved 1048576K
}
Event: 30.772 GC heap after
{Heap after GC invocations=20 (full 0):
 garbage-first heap   total 445440K, used 349246K [0x0000000082800000, 0x0000000100000000)
  region size 1024K, 3 young (3072K), 3 survivors (3072K)
 Metaspace       used 19565K, committed 19840K, reserved 1114112K
  class space    used 2202K, committed 2304K, reserved 1048576K
}
Event: 94.618 GC heap before
{Heap before GC invocations=20 (full 0):
 garbage-first heap   total 445440K, used 425022K [0x0000000082800000, 0x0000000100000000)
  region size 1024K, 72 young (73728K), 3 survivors (3072K)
 Metaspace       used 20824K, committed 21120K, reserved 1114112K
  class space    used 2293K, committed 2432K, reserved 1048576K
}
Event: 94.621 GC heap after
{Heap after GC invocations=21 (full 0):
 garbage-first heap   total 445440K, used 316192K [0x0000000082800000, 0x0000000100000000)
  region size 1024K, 1 young (1024K), 1 survivors (1024K)
 Metaspace       used 20824K, committed 21120K, reserved 1114112K
  class space    used 2293K, committed 2432K, reserved 1048576K
}
Event: 186.838 GC heap before
{Heap before GC invocations=21 (full 0):
 garbage-first heap   total 445440K, used 421664K [0x0000000082800000, 0x0000000100000000)
  region size 1024K, 105 young (107520K), 1 survivors (1024K)
 Metaspace       used 20901K, committed 21184K, reserved 1114112K
  class space    used 2294K, committed 2432K, reserved 1048576K
}
Event: 186.851 GC heap after
{Heap after GC invocations=22 (full 0):
 garbage-first heap   total 445440K, used 316223K [0x0000000082800000, 0x0000000100000000)
  region size 1024K, 1 young (1024K), 1 survivors (1024K)
 Metaspace       used 20901K, committed 21184K, reserved 1114112K
  class space    used 2294K, committed 2432K, reserved 1048576K
}
Event: 261.796 GC heap before
{Heap before GC invocations=23 (full 0):
 garbage-first heap   total 527360K, used 421695K [0x0000000082800000, 0x0000000100000000)
  region size 1024K, 104 young (106496K), 1 survivors (1024K)
 Metaspace       used 20907K, committed 21184K, reserved 1114112K
  class space    used 2294K, committed 2432K, reserved 1048576K
}
Event: 261.825 GC heap after
{Heap after GC invocations=24 (full 0):
 garbage-first heap   total 588800K, used 316201K [0x0000000082800000, 0x0000000100000000)
  region size 1024K, 1 young (1024K), 1 survivors (1024K)
 Metaspace       used 20907K, committed 21184K, reserved 1114112K
  class space    used 2294K, committed 2432K, reserved 1048576K
}

